Copyright 1986-2014 Xilinx, Inc. All Rights Reserved.
---------------------------------------------------------------------------------------------------------------------------
| Tool Version : Vivado v.2014.1 (win64) Build 881834 Fri Apr  4 14:15:54 MDT 2014
| Date         : Sat May 31 09:15:59 2014
| Host         : speedy running 64-bit major release  (build 9200)
| Command      : report_utilization -file fifo_generator_0_utilization_synth.rpt -pb fifo_generator_0_utilization_synth.pb
| Design       : fifo_generator_0
| Device       : xc7z010
| Design State : Synthesized
---------------------------------------------------------------------------------------------------------------------------

Utilization Design Information

Table of Contents
-----------------
1. Slice Logic
2. Memory
3. DSP
4. IO and GT Specific
5. Clocking
6. Specific Feature
7. Primitives
8. Black Boxes
9. Instantiated Netlists

1. Slice Logic
--------------

+-------------------------+------+-------+-----------+-------+
|        Site Type        | Used | Loced | Available | Util% |
+-------------------------+------+-------+-----------+-------+
| Slice LUTs*             |   89 |     0 |     17600 |  0.50 |
|   LUT as Logic          |   89 |     0 |     17600 |  0.50 |
|   LUT as Memory         |    0 |     0 |      6000 |  0.00 |
| Slice Registers         |  105 |     0 |     35200 |  0.29 |
|   Register as Flip Flop |  105 |     0 |     35200 |  0.29 |
|   Register as Latch     |    0 |     0 |     35200 |  0.00 |
| F7 Muxes                |    0 |     0 |      8800 |  0.00 |
| F8 Muxes                |    0 |     0 |      4400 |  0.00 |
+-------------------------+------+-------+-----------+-------+
* Warning! The Final LUT count, after physical optimizations and full implementation, is typically lower. Run opt_design after synthesis, if not already completed, for a more realistic count.


2. Memory
---------

+-------------------+------+-------+-----------+-------+
|     Site Type     | Used | Loced | Available | Util% |
+-------------------+------+-------+-----------+-------+
| Block RAM Tile    |  0.5 |     0 |        60 |  0.83 |
|   RAMB36/FIFO*    |    0 |     0 |        60 |  0.00 |
|   RAMB18          |    1 |     0 |       120 |  0.83 |
|     RAMB18E1 only |    1 |       |           |       |
+-------------------+------+-------+-----------+-------+
* Note: Each Block RAM Tile only has one FIFO logic available and therefore can accommodate only one FIFO36E1 or one FIFO18E1. However, if a FIFO18E1 occupies a Block RAM Tile, that tile can still accommodate a RAMB18E1


3. DSP
------

+-----------+------+-------+-----------+-------+
| Site Type | Used | Loced | Available | Util% |
+-----------+------+-------+-----------+-------+
| DSPs      |    0 |     0 |        80 |  0.00 |
+-----------+------+-------+-----------+-------+


4. IO and GT Specific
---------------------

+-----------------------------+------+-------+-----------+-------+
|          Site Type          | Used | Loced | Available | Util% |
+-----------------------------+------+-------+-----------+-------+
| Bonded IOB                  |    0 |     0 |       100 |  0.00 |
| Bonded IPADs                |    0 |     0 |         2 |  0.00 |
| Bonded IOPADs               |    0 |     0 |       130 |  0.00 |
| PHY_CONTROL                 |    0 |     0 |         2 |  0.00 |
| PHASER_REF                  |    0 |     0 |         2 |  0.00 |
| OUT_FIFO                    |    0 |     0 |         8 |  0.00 |
| IN_FIFO                     |    0 |     0 |         8 |  0.00 |
| IDELAYCTRL                  |    0 |     0 |         2 |  0.00 |
| IBUFGDS                     |    0 |     0 |        96 |  0.00 |
| PHASER_OUT/PHASER_OUT_PHY   |    0 |     0 |         8 |  0.00 |
| PHASER_IN/PHASER_IN_PHY     |    0 |     0 |         8 |  0.00 |
| IDELAYE2/IDELAYE2_FINEDELAY |    0 |     0 |       100 |  0.00 |
| ODELAYE2/ODELAYE2_FINEDELAY |    0 |     0 |         0 |  0.00 |
| IBUFDS_GTE2                 |    0 |     0 |         0 |  0.00 |
| ILOGIC                      |    0 |     0 |       100 |  0.00 |
| OLOGIC                      |    0 |     0 |       100 |  0.00 |
+-----------------------------+------+-------+-----------+-------+


5. Clocking
-----------

+------------+------+-------+-----------+-------+
|  Site Type | Used | Loced | Available | Util% |
+------------+------+-------+-----------+-------+
| BUFGCTRL   |    0 |     0 |        32 |  0.00 |
| BUFIO      |    0 |     0 |         8 |  0.00 |
| MMCME2_ADV |    0 |     0 |         2 |  0.00 |
| PLLE2_ADV  |    0 |     0 |         2 |  0.00 |
| BUFMRCE    |    0 |     0 |         4 |  0.00 |
| BUFHCE     |    0 |     0 |        48 |  0.00 |
| BUFR       |    0 |     0 |         8 |  0.00 |
+------------+------+-------+-----------+-------+


6. Specific Feature
-------------------

+-------------+------+-------+-----------+-------+
|  Site Type  | Used | Loced | Available | Util% |
+-------------+------+-------+-----------+-------+
| BSCANE2     |    0 |     0 |         4 |  0.00 |
| CAPTUREE2   |    0 |     0 |         1 |  0.00 |
| DNA_PORT    |    0 |     0 |         1 |  0.00 |
| EFUSE_USR   |    0 |     0 |         1 |  0.00 |
| FRAME_ECCE2 |    0 |     0 |         1 |  0.00 |
| ICAPE2      |    0 |     0 |         2 |  0.00 |
| STARTUPE2   |    0 |     0 |         1 |  0.00 |
| XADC        |    0 |     0 |         1 |  0.00 |
+-------------+------+-------+-----------+-------+


7. Primitives
-------------

+----------+------+---------------------+
| Ref Name | Used | Functional Category |
+----------+------+---------------------+
| FDCE     |   74 |        Flop & Latch |
| LUT4     |   29 |                 LUT |
| LUT2     |   24 |                 LUT |
| CARRY4   |   19 |          CarryLogic |
| LUT6     |   18 |                 LUT |
| FDPE     |   17 |        Flop & Latch |
| FDRE     |   14 |        Flop & Latch |
| LUT5     |   13 |                 LUT |
| LUT3     |    9 |                 LUT |
| LUT1     |    6 |                 LUT |
| RAMB18E1 |    1 |        Block Memory |
+----------+------+---------------------+


8. Black Boxes
--------------

+----------+------+
| Ref Name | Used |
+----------+------+


9. Instantiated Netlists
------------------------

+----------+------+
| Ref Name | Used |
+----------+------+


